<?xml version="1.0" encoding="UTF-8"?>
<!-- Generated by org.testng.reporters.JUnitXMLReporter -->
<testsuite hostname="DESKTOP-QUKCJDR" ignored="0" name="Test" tests="2" failures="1" timestamp="08 Dec 2017 18:30:40 GMT" time="0.055" errors="0">
  <testcase name="test1" time="0.014" classname="demo1.Class1"/>
  <testcase name="test2" time="0.004" classname="demo1.Class1">
    <failure type="java.lang.AssertionError" message="expected [true] but found [false]">
      <![CDATA[java.lang.AssertionError: expected [true] but found [false]
	at demo1.Class1.test2(Class1.java:17)
... Removed 29 stack frames]]>
    </failure>
  </testcase> <!-- test2 -->
</testsuite> <!-- Test -->
