<?xml version="1.0" encoding="UTF-8"?>
<!-- Generated by org.testng.reporters.JUnitXMLReporter -->
<testsuite hostname="DESKTOP-QUKCJDR" ignored="0" name="flipkart" tests="4" failures="4" timestamp="08 Dec 2017 17:52:03 GMT" time="15.378" errors="0">
  <testcase name="@AfterClass quit" time="0.0" classname="demo1.Flipkart">
    <failure type="java.lang.NullPointerException">
      <![CDATA[java.lang.NullPointerException
	at demo1.Flipkart.quit(Flipkart.java:79)
	at java.util.concurrent.FutureTask.run(Unknown Source)
	at java.util.concurrent.ThreadPoolExecutor.runWorker(Unknown Source)
	at java.util.concurrent.ThreadPoolExecutor$Worker.run(Unknown Source)
	at java.lang.Thread.run(Unknown Source)
... Removed 16 stack frames]]>
    </failure>
  </testcase> <!-- @AfterClass quit -->
  <testcase name="buyAndRemoveFromCart" time="0.003" classname="demo1.Flipkart">
    <failure type="java.lang.NullPointerException">
      <![CDATA[java.lang.NullPointerException
	at demo1.Flipkart.buyAndRemoveFromCart(Flipkart.java:61)
	at java.util.concurrent.FutureTask.run(Unknown Source)
	at java.util.concurrent.ThreadPoolExecutor.runWorker(Unknown Source)
	at java.util.concurrent.ThreadPoolExecutor$Worker.run(Unknown Source)
	at java.lang.Thread.run(Unknown Source)
... Removed 16 stack frames]]>
    </failure>
  </testcase> <!-- buyAndRemoveFromCart -->
  <testcase name="login" time="0.001" classname="demo1.Flipkart">
    <failure type="java.lang.NullPointerException">
      <![CDATA[java.lang.NullPointerException
	at demo1.Flipkart.login(Flipkart.java:36)
	at java.util.concurrent.FutureTask.run(Unknown Source)
	at java.util.concurrent.ThreadPoolExecutor.runWorker(Unknown Source)
	at java.util.concurrent.ThreadPoolExecutor$Worker.run(Unknown Source)
	at java.lang.Thread.run(Unknown Source)
... Removed 16 stack frames]]>
    </failure>
  </testcase> <!-- login -->
  <testcase name="logout" time="0.013" classname="demo1.Flipkart">
    <failure type="java.lang.NullPointerException">
      <![CDATA[java.lang.NullPointerException
	at com.google.common.base.Preconditions.checkNotNull(Preconditions.java:770)
	at org.openqa.selenium.interactions.Actions.<init>(Actions.java:71)
	at demo1.Flipkart.logout(Flipkart.java:71)
	at java.util.concurrent.FutureTask.run(Unknown Source)
	at java.util.concurrent.ThreadPoolExecutor.runWorker(Unknown Source)
	at java.util.concurrent.ThreadPoolExecutor$Worker.run(Unknown Source)
	at java.lang.Thread.run(Unknown Source)
... Removed 16 stack frames]]>
    </failure>
  </testcase> <!-- logout -->
  <testcase name="searchAndSelectProduct" time="0.006" classname="demo1.Flipkart">
    <failure type="java.lang.NullPointerException">
      <![CDATA[java.lang.NullPointerException
	at demo1.Flipkart.searchAndSelectProduct(Flipkart.java:49)
	at java.util.concurrent.FutureTask.run(Unknown Source)
	at java.util.concurrent.ThreadPoolExecutor.runWorker(Unknown Source)
	at java.util.concurrent.ThreadPoolExecutor$Worker.run(Unknown Source)
	at java.lang.Thread.run(Unknown Source)
... Removed 16 stack frames]]>
    </failure>
  </testcase> <!-- searchAndSelectProduct -->
</testsuite> <!-- flipkart -->
