<?xml version="1.0" encoding="UTF-8"?>
<testng-results skipped="0" failed="0" ignored="0" total="1" passed="1">
  <reporter-output>
  </reporter-output>
  <suite name="Default suite" duration-ms="19680" started-at="2017-12-16T17:55:54Z" finished-at="2017-12-16T17:56:14Z">
    <groups>
    </groups>
    <test name="Default test" duration-ms="19680" started-at="2017-12-16T17:55:54Z" finished-at="2017-12-16T17:56:14Z">
      <class name="demo1.draganddrop">
        <test-method status="PASS" signature="dad()[pri:0, instance:demo1.draganddrop@724af044]" name="dad" duration-ms="19653" started-at="2017-12-16T23:25:54Z" finished-at="2017-12-16T23:26:14Z">
          <reporter-output>
          </reporter-output>
        </test-method> <!-- dad -->
      </class> <!-- demo1.draganddrop -->
    </test> <!-- Default test -->
  </suite> <!-- Default suite -->
</testng-results>
